Lmod has detected the following error: These module(s) or extension(s) exist
but cannot be loaded as requested: "python"
   Try: "module spider python" to see how to load the module(s).



Lmod has detected the following error: These module(s) or extension(s) exist
but cannot be loaded as requested: "py-numpy"
   Try: "module spider py-numpy" to see how to load the module(s).



Lmod has detected the following error: These module(s) or extension(s) exist
but cannot be loaded as requested: "py-mpi4py"
   Try: "module spider py-mpi4py" to see how to load the module(s).



Lmod has detected the following error: These module(s) or extension(s) exist
but cannot be loaded as requested: "py-keras-preprocessing"
   Try: "module spider py-keras-preprocessing" to see how to load the
module(s).



Lmod has detected the following error: These module(s) or extension(s) exist
but cannot be loaded as requested: "py-matplotlib"
   Try: "module spider py-matplotlib" to see how to load the module(s).



Lmod has detected the following error: These module(s) or extension(s) exist
but cannot be loaded as requested: "py-pip"
   Try: "module spider py-pip" to see how to load the module(s).



Lmod has detected the following error: These module(s) or extension(s) exist
but cannot be loaded as requested: "py-scikit-learn"
   Try: "module spider py-scikit-learn" to see how to load the module(s).



Lmod has detected the following error: The following module(s) are unknown:
"scipy"

Please check the spelling or version number. Also try "module spider ..."
It is also possible your cache file is out-of-date; it may help to try:
  $ module --ignore-cache load "scipy"

Also make sure that all modulefiles written in TCL start with the string
#%Module



Lmod has detected the following error: These module(s) or extension(s) exist
but cannot be loaded as requested: "py-tqdm"
   Try: "module spider py-tqdm" to see how to load the module(s).



srun: error: cmp052: task 0: Exited with exit code 2
srun: launch/slurm: _step_signal: Terminating StepId=3693628.0
/apps/arch/2023r1/software/linux-rhel8-skylake_avx512/gcc-8.5.0/python-3.9.8-pxhle6c7uqxn6i6nzkvb5lwyem7z5e7f/bin/python: can't open file '/scratch/vdakov/encoder-decoder-change-detection/delftsblue-scripts/pip': [Errno 2] No such file or directory
Traceback (most recent call last):
  File "/scratch/vdakov/encoder-decoder-change-detection/delftsblue-scripts/levir-train-script.py", line 4, in <module>
    from metrics import evaluate_net_predictions
ModuleNotFoundError: No module named 'metrics'
srun: error: cmp052: task 0: Exited with exit code 1
srun: launch/slurm: _step_signal: Terminating StepId=3693628.1
