Lmod has detected the following error: These module(s) or extension(s) exist
but cannot be loaded as requested: "python"
   Try: "module spider python" to see how to load the module(s).



Lmod has detected the following error: These module(s) or extension(s) exist
but cannot be loaded as requested: "py-numpy"
   Try: "module spider py-numpy" to see how to load the module(s).



Lmod has detected the following error: These module(s) or extension(s) exist
but cannot be loaded as requested: "py-mpi4py"
   Try: "module spider py-mpi4py" to see how to load the module(s).



Lmod has detected the following error: These module(s) or extension(s) exist
but cannot be loaded as requested: "py-keras-preprocessing"
   Try: "module spider py-keras-preprocessing" to see how to load the
module(s).



Lmod has detected the following error: These module(s) or extension(s) exist
but cannot be loaded as requested: "py-matplotlib"
   Try: "module spider py-matplotlib" to see how to load the module(s).



Lmod has detected the following error: These module(s) or extension(s) exist
but cannot be loaded as requested: "py-pip"
   Try: "module spider py-pip" to see how to load the module(s).



Lmod has detected the following error: These module(s) or extension(s) exist
but cannot be loaded as requested: "py-scikit-learn"
   Try: "module spider py-scikit-learn" to see how to load the module(s).



Lmod has detected the following error: The following module(s) are unknown:
"scipy"

Please check the spelling or version number. Also try "module spider ..."
It is also possible your cache file is out-of-date; it may help to try:
  $ module --ignore-cache load "scipy"

Also make sure that all modulefiles written in TCL start with the string
#%Module



Lmod has detected the following error: These module(s) or extension(s) exist
but cannot be loaded as requested: "py-tqdm"
   Try: "module spider py-tqdm" to see how to load the module(s).



srun: error: Unable to create step for job 3693604: Job/step already completing or completed
